<?xml version="1.0" encoding="UTF-8"?>
<!-- Generated by org.testng.reporters.JUnitReportReporter -->
<testsuite hostname="LAPTOP-1G84S7N6" failures="0" tests="1" name="automation.testsuite.Day8_Practice2" time="4.717" errors="0" timestamp="2024-08-03T19:59:27 ICT" skipped="0">
  <testcase classname="automation.testsuite.Day8_Practice2" name="getElementById" time="4.717"/>
  <system-out/>
</testsuite> <!-- automation.testsuite.Day8_Practice2 -->
