<?xml version="1.0" encoding="UTF-8"?>
<!-- Generated by org.testng.reporters.JUnitReportReporter -->
<testsuite hostname="LAPTOP-1G84S7N6" failures="0" tests="1" name="automation.testsuite.practiceXpathDay8" time="19.974" errors="0" timestamp="2024-07-30T22:37:57 ICT" skipped="0">
  <testcase classname="automation.testsuite.practiceXpathDay8" name="getElementById" time="19.974"/>
  <system-out/>
</testsuite> <!-- automation.testsuite.practiceXpathDay8 -->
