<?xml version="1.0" encoding="UTF-8"?>
<!-- Generated by org.testng.reporters.JUnitReportReporter -->
<testsuite hostname="LAPTOP-1G84S7N6" failures="0" tests="1" name="automation.testsuite.Day7_Test" time="0.020" errors="0" timestamp="2024-07-28T15:59:49 ICT" skipped="0">
  <testcase classname="automation.testsuite.Day7_Test" name="testCase_1" time="0.020"/>
  <system-out/>
</testsuite> <!-- automation.testsuite.Day7_Test -->
