<?xml version="1.0" encoding="UTF-8"?>
<!-- Generated by org.testng.reporters.JUnitReportReporter -->
<testsuite hostname="LAPTOP-1G84S7N6" failures="0" tests="1" name="automation.testsuite.Day8_Practice" time="24.424" errors="0" timestamp="2024-07-31T19:55:50 ICT" skipped="0">
  <testcase classname="automation.testsuite.Day8_Practice" name="getElementById" time="24.424"/>
  <system-out/>
</testsuite> <!-- automation.testsuite.Day8_Practice -->
